-------------------------------------------------------------------------------
Test set: com.epam.AcceptanceTestSuite
-------------------------------------------------------------------------------
Tests run: 6, Failures: 0, Errors: 2, Skipped: 2, Time elapsed: 6.615 s <<< FAILURE! - in com.epam.AcceptanceTestSuite
com.epam.steps.DefinitionStepsForPetStoreOrder.Given the valid Pet  Time elapsed: 0.288 s  <<< ERROR!
net.serenitybdd.core.exceptions.SerenityManagedException: Could not initialize class org.codehaus.groovy.vmplugin.v7.Java7
	at serenity.automation.mentoring@1.0-SNAPSHOT/com.epam.steps.DefinitionStepsForPetStoreOrder.createPet(DefinitionStepsForPetStoreOrder.java:29)

com.epam.steps.DefinitionStepsForPetStoreOrder.@AfterScenario  Time elapsed: 0 s  <<< ERROR!
org.jbehave.core.failures.BeforeOrAfterFailed: Method deletePetAndPetOrder (annotated with @AfterScenario in class com.epam.steps.DefinitionStepsForPetStoreOrder) failed: net.serenitybdd.core.exceptions.SerenityManagedException: Could not initialize class io.restassured.RestAssured
	at serenity.automation.mentoring@1.0-SNAPSHOT/com.epam.steps.DefinitionStepsForPetStoreOrder.deletePetAndPetOrder(DefinitionStepsForPetStoreOrder.java:46)

