<?xml version="1.0" encoding="UTF-8"?>
<testsuite xmlns:xsi="http://www.w3.org/2001/XMLSchema-instance" xsi:noNamespaceSchemaLocation="https://maven.apache.org/surefire/maven-failsafe-plugin/xsd/failsafe-test-report-3.0.xsd" version="3.0" name="com.epam.AcceptanceTestSuite" time="42.707" tests="22" errors="0" skipped="0" failures="0">
  <properties>
[...]
</properties>
  <testcase name="BeforeStories" classname="java.lang.Object" time="0.001">
    <system-out><![CDATA[Processing system properties {}
Using controls EmbedderControls[batch=false,skip=false,generateViewAfterStories=true,ignoreFailureInStories=true,ignoreFailureInView=true,verboseFailures=false,verboseFiltering=false,storyTimeouts=300,threads=1,failOnStoryTimeout=false]

(BeforeStories)
]]></system-out>
    <system-err><![CDATA[[main] WARN net.serenitybdd.jbehave.SerenityStepFactory - Potential library conflict: org/jvnet/fastinfoset/VocabularyApplicationData
[main] WARN net.serenitybdd.jbehave.SerenityStepFactory - Potential library conflict: org/jvnet/fastinfoset/VocabularyApplicationData
[main] WARN net.serenitybdd.jbehave.SerenityStepFactory - Potential library conflict: org/jvnet/fastinfoset/VocabularyApplicationData
[main] WARN net.serenitybdd.jbehave.SerenityStepFactory - Potential library conflict: org/jdom/JDOMException
[main] WARN net.serenitybdd.jbehave.SerenityStepFactory - Potential library conflict: org/jdom/Content
[main] WARN net.serenitybdd.jbehave.SerenityStepFactory - Potential library conflict: nu/xom/Node
[main] WARN net.serenitybdd.jbehave.SerenityStepFactory - Potential library conflict: org/jdom2/JDOMException
[main] WARN net.serenitybdd.jbehave.SerenityStepFactory - Potential library conflict: org/dom4j/DocumentException
[main] WARN net.serenitybdd.jbehave.SerenityStepFactory - Potential library conflict: com/bea/xml/stream/XMLOutputFactoryBase
[main] WARN net.serenitybdd.jbehave.SerenityStepFactory - Potential library conflict: org/dom4j/DocumentException
[main] WARN net.serenitybdd.jbehave.SerenityStepFactory - Potential library conflict: nu/xom/ParsingException
[main] WARN net.serenitybdd.jbehave.SerenityStepFactory - Potential library conflict: org/jdom2/Content
[main] WARN net.serenitybdd.jbehave.SerenityStepFactory - Potential library conflict: com/ctc/wstx/stax/WstxOutputFactory
[main] WARN net.serenitybdd.jbehave.SerenityStepFactory - Potential library conflict: org/dom4j/Element
[main] WARN net.serenitybdd.jbehave.SerenityStepFactory - Potential library conflict: net/sf/cglib/proxy/CallbackFilter
[main] WARN net.serenitybdd.jbehave.SerenityStepFactory - Potential library conflict: net/sf/cglib/proxy/CallbackFilter
[main] WARN net.serenitybdd.jbehave.SerenityStepFactory - Potential library conflict: net/sf/cglib/proxy/CallbackFilter
[main] WARN net.serenitybdd.jbehave.SerenityStepFactory - Potential library conflict: net/sf/cglib/proxy/CallbackFilter
[main] WARN net.serenitybdd.jbehave.SerenityStepFactory - Potential library conflict: net/sf/cglib/proxy/CallbackFilter
[main] WARN net.serenitybdd.jbehave.SerenityStepFactory - Potential library conflict: org/jvnet/fastinfoset/VocabularyApplicationData
[main] WARN net.serenitybdd.jbehave.SerenityStepFactory - Potential library conflict: org/jvnet/fastinfoset/VocabularyApplicationData
[main] WARN net.serenitybdd.jbehave.SerenityStepFactory - Potential library conflict: org/jvnet/fastinfoset/VocabularyApplicationData
[main] WARN net.serenitybdd.jbehave.SerenityStepFactory - Potential library conflict: org/jdom/JDOMException
[main] WARN net.serenitybdd.jbehave.SerenityStepFactory - Potential library conflict: org/jdom/Content
[main] WARN net.serenitybdd.jbehave.SerenityStepFactory - Potential library conflict: nu/xom/Node
[main] WARN net.serenitybdd.jbehave.SerenityStepFactory - Potential library conflict: org/jdom2/JDOMException
[main] WARN net.serenitybdd.jbehave.SerenityStepFactory - Potential library conflict: org/dom4j/DocumentException
[main] WARN net.serenitybdd.jbehave.SerenityStepFactory - Potential library conflict: com/bea/xml/stream/XMLOutputFactoryBase
[main] WARN net.serenitybdd.jbehave.SerenityStepFactory - Potential library conflict: org/dom4j/DocumentException
[main] WARN net.serenitybdd.jbehave.SerenityStepFactory - Potential library conflict: nu/xom/ParsingException
[main] WARN net.serenitybdd.jbehave.SerenityStepFactory - Potential library conflict: org/jdom2/Content
[main] WARN net.serenitybdd.jbehave.SerenityStepFactory - Potential library conflict: com/ctc/wstx/stax/WstxOutputFactory
[main] WARN net.serenitybdd.jbehave.SerenityStepFactory - Potential library conflict: org/dom4j/Element
[main] WARN net.serenitybdd.jbehave.SerenityStepFactory - Potential library conflict: net/sf/cglib/proxy/CallbackFilter
[main] WARN net.serenitybdd.jbehave.SerenityStepFactory - Potential library conflict: net/sf/cglib/proxy/CallbackFilter
[main] WARN net.serenitybdd.jbehave.SerenityStepFactory - Potential library conflict: net/sf/cglib/proxy/CallbackFilter
[main] WARN net.serenitybdd.jbehave.SerenityStepFactory - Potential library conflict: net/sf/cglib/proxy/CallbackFilter
[main] WARN net.serenitybdd.jbehave.SerenityStepFactory - Potential library conflict: net/sf/cglib/proxy/CallbackFilter
[main] WARN net.serenitybdd.jbehave.SerenityStepFactory - Potential library conflict: org/jvnet/fastinfoset/VocabularyApplicationData
[main] WARN net.serenitybdd.jbehave.SerenityStepFactory - Potential library conflict: org/jvnet/fastinfoset/VocabularyApplicationData
[main] WARN net.serenitybdd.jbehave.SerenityStepFactory - Potential library conflict: org/jvnet/fastinfoset/VocabularyApplicationData
[main] WARN net.serenitybdd.jbehave.SerenityStepFactory - Potential library conflict: org/jdom/JDOMException
[main] WARN net.serenitybdd.jbehave.SerenityStepFactory - Potential library conflict: org/jdom/Content
[main] WARN net.serenitybdd.jbehave.SerenityStepFactory - Potential library conflict: nu/xom/Node
[main] WARN net.serenitybdd.jbehave.SerenityStepFactory - Potential library conflict: org/jdom2/JDOMException
[main] WARN net.serenitybdd.jbehave.SerenityStepFactory - Potential library conflict: org/dom4j/DocumentException
[main] WARN net.serenitybdd.jbehave.SerenityStepFactory - Potential library conflict: com/bea/xml/stream/XMLOutputFactoryBase
[main] WARN net.serenitybdd.jbehave.SerenityStepFactory - Potential library conflict: org/dom4j/DocumentException
[main] WARN net.serenitybdd.jbehave.SerenityStepFactory - Potential library conflict: nu/xom/ParsingException
[main] WARN net.serenitybdd.jbehave.SerenityStepFactory - Potential library conflict: org/jdom2/Content
[main] WARN net.serenitybdd.jbehave.SerenityStepFactory - Potential library conflict: com/ctc/wstx/stax/WstxOutputFactory
[main] WARN net.serenitybdd.jbehave.SerenityStepFactory - Potential library conflict: org/dom4j/Element
[main] WARN net.serenitybdd.jbehave.SerenityStepFactory - Potential library conflict: net/sf/cglib/proxy/CallbackFilter
[main] WARN net.serenitybdd.jbehave.SerenityStepFactory - Potential library conflict: net/sf/cglib/proxy/CallbackFilter
[main] WARN net.serenitybdd.jbehave.SerenityStepFactory - Potential library conflict: net/sf/cglib/proxy/CallbackFilter
[main] WARN net.serenitybdd.jbehave.SerenityStepFactory - Potential library conflict: net/sf/cglib/proxy/CallbackFilter
[main] WARN net.serenitybdd.jbehave.SerenityStepFactory - Potential library conflict: net/sf/cglib/proxy/CallbackFilter
[main] INFO  - 

-------------------------------------------------------------------------------------
     _______. _______ .______       _______ .__   __.  __  .___________.____    ____ 
    /       ||   ____||   _  \     |   ____||  \ |  | |  | |           |\   \  /   / 
   |   (----`|  |__   |  |_)  |    |  |__   |   \|  | |  | `---|  |----` \   \/   /  
    \   \    |   __|  |      /     |   __|  |  . `  | |  |     |  |       \_    _/   
.----)   |   |  |____ |  |\  \----.|  |____ |  |\   | |  |     |  |         |  |     
|_______/    |_______|| _| `._____||_______||__| \__| |__|     |__|         |__|    
                                                                                     
 News and tutorials at http://www.serenity-bdd.info                                  
 Documentation at https://wakaleo.gitbooks.io/the-serenity-book/content/             
 Join the Serenity Community on Gitter: https://gitter.im/serenity-bdd/serenity-core 
 Serenity BDD Support and Training at http://serenity-bdd.info/#/trainingandsupport  
-------------------------------------------------------------------------------------

]]></system-err>
  </testcase>
  <testcase name="AfterStories" classname="java.lang.Object" time="0.664">
    <system-out><![CDATA[

(AfterStories)
]]></system-out>
  </testcase>
  <testcase name="Given the user is on the Wikionary home page" classname="com.epam.steps.DefinitionSteps" time="3.747">
    <system-out><![CDATA[
Running story stories/consult_dictionary/LookupADefinition.story
Lookup a definition
(stories/consult_dictionary/LookupADefinition.story)
Narrative:
In order to talk better
As a n English student
I want to look up word definitions
Scenario: Looking up the definition of 'apple'
Using timeout for story LookupADefinition.story of 300 secs.
]]></system-out>
    <system-err><![CDATA[[pool-2-thread-1] INFO net.serenitybdd.jbehave.embedders.monitors.ReportingEmbedderMonitor - 201274566story running with path stories/consult_dictionary/LookupADefinition.story
[pool-2-thread-1] ERROR net.serenitybdd.jbehave.embedders.monitors.ReportingEmbedderMonitor - can not find any story by path stories/consult_dictionary/LookupADefinition.story
[pool-2-thread-1] INFO  - Test Suite Started: Lookup a definition
[pool-2-thread-1] INFO  - 
 _____ _____ ____ _____   ____ _____  _    ____ _____ _____ ____  
|_   _| ____/ ___|_   _| / ___|_   _|/ \  |  _ \_   _| ____|  _ \ 
  | | |  _| \___ \ | |   \___ \ | | / _ \ | |_) || | |  _| | | | |
  | | | |___ ___) || |    ___) || |/ ___ \|  _ < | | | |___| |_| |
  |_| |_____|____/ |_|   |____/ |_/_/   \_\_| \_\|_| |_____|____/ 

Looking up the definition of 'apple'(stories/consult_dictionary/LookupADefinition.story;Looking up the definition of 'apple')
-------------------------------------------------------------------
[pool-2-thread-1] INFO net.serenitybdd.core.webdriver.driverproviders.ChromeDriverProvider - Using automatically driver download
[pool-2-thread-1] INFO io.github.bonigarcia.wdm.WebDriverManager - Using chromedriver 86.0.4240.22 (since Chrome 86 is installed in your machine)
[pool-2-thread-1] INFO io.github.bonigarcia.wdm.WebDriverManager - Exporting webdriver.chrome.driver as /Users/yuliiabalenko/.m2/repository/webdriver/chromedriver/mac64/86.0.4240.22/chromedriver
[pool-2-thread-1] INFO net.serenitybdd.core.webdriver.driverproviders.ProvideNewDriver - Instantiating driver
[pool-2-thread-1] INFO net.serenitybdd.core.webdriver.driverproviders.ProvideNewDriver - Driver capabilities: Capabilities {acceptInsecureCerts: false, browserName: chrome, goog:chromeOptions: {args: [], extensions: []}, loggingPrefs: org.openqa.selenium.logging...}
Starting ChromeDriver 85.0.4183.87 (cd6713ebf92fa1cacc0f1a598df280093af0c5d7-refs/branch-heads/4183@{#1689}) on port 15874
Only local connections are allowed.
Please see https://chromedriver.chromium.org/security-considerations for suggestions on keeping ChromeDriver safe.
ChromeDriver was started successfully.
[1604229166.212][WARNING]: This version of ChromeDriver has not been tested with Chrome version 86.
Nov 01, 2020 1:12:46 PM org.openqa.selenium.remote.ProtocolHandshake createSession
INFO: Detected dialect: W3C
]]></system-err>
  </testcase>
  <testcase name="When the user looks up the definition of the word &apos;apple&apos;" classname="com.epam.steps.DefinitionSteps" time="3.019">
    <system-out><![CDATA[Given the user is on the Wikionary home page
]]></system-out>
  </testcase>
  <testcase name="Then they should see the definition &apos;A common, round fruit produced by the tree Malus domestica, cultivated in temperate climates․&apos;" classname="com.epam.steps.DefinitionSteps" time="1.062">
    <system-out><![CDATA[When the user looks up the definition of the word 'apple'
]]></system-out>
  </testcase>
  <testcase name="Given the user is on the Wikionary home page​" classname="com.epam.steps.DefinitionSteps" time="2.946">
    <system-out><![CDATA[
Scenario: Looking up the definition of '<word>'
]]></system-out>
    <system-err><![CDATA[[pool-2-thread-1] INFO  - 
 _____ _____ ____ _____   ____ _____  _    ____ _____ _____ ____  
|_   _| ____/ ___|_   _| / ___|_   _|/ \  |  _ \_   _| ____|  _ \ 
  | | |  _| \___ \ | |   \___ \ | | / _ \ | |_) || | |  _| | | | |
  | | | |___ ___) || |    ___) || |/ ___ \|  _ < | | | |___| |_| |
  |_| |_____|____/ |_|   |____/ |_/_/   \_\_| \_\|_| |_____|____/ 

Looking up the definition of '<word>'(stories/consult_dictionary/LookupADefinition.story;Looking up the definition of '<word>')
-------------------------------------------------------------------
[pool-2-thread-1] INFO net.serenitybdd.core.webdriver.driverproviders.ChromeDriverProvider - Using automatically driver download
[pool-2-thread-1] INFO io.github.bonigarcia.wdm.WebDriverManager - Using chromedriver 86.0.4240.22 (since Chrome 86 is installed in your machine)
[pool-2-thread-1] INFO io.github.bonigarcia.wdm.WebDriverManager - Exporting webdriver.chrome.driver as /Users/yuliiabalenko/.m2/repository/webdriver/chromedriver/mac64/86.0.4240.22/chromedriver
[pool-2-thread-1] INFO net.serenitybdd.core.webdriver.driverproviders.ProvideNewDriver - Instantiating driver
[pool-2-thread-1] INFO net.serenitybdd.core.webdriver.driverproviders.ProvideNewDriver - Driver capabilities: Capabilities {acceptInsecureCerts: false, browserName: chrome, goog:chromeOptions: {args: [], extensions: []}, loggingPrefs: org.openqa.selenium.logging...}
Starting ChromeDriver 85.0.4183.87 (cd6713ebf92fa1cacc0f1a598df280093af0c5d7-refs/branch-heads/4183@{#1689}) on port 28669
Only local connections are allowed.
Please see https://chromedriver.chromium.org/security-considerations for suggestions on keeping ChromeDriver safe.
ChromeDriver was started successfully.
[1604229173.615][WARNING]: This version of ChromeDriver has not been tested with Chrome version 86.
Nov 01, 2020 1:12:53 PM org.openqa.selenium.remote.ProtocolHandshake createSession
INFO: Detected dialect: W3C
]]></system-err>
  </testcase>
  <testcase name="When the user looks up the definition of the word:" classname="com.epam.steps.DefinitionSteps" time="5.72">
    <system-out><![CDATA[Given the user is on the Wikionary home page
]]></system-out>
  </testcase>
  <testcase name="Then they should see the definition:" classname="com.epam.steps.DefinitionSteps" time="0.861">
    <system-out><![CDATA[When the user looks up the definition of the word:

|word|
|watermelon|
|papaya|

]]></system-out>
  </testcase>
  <testcase name="Given the user is on the Wikionary home page​​" classname="com.epam.steps.DefinitionSteps" time="2.819">
    <system-out><![CDATA[
Scenario: Looking up the definition of 'pear'
Meta:
@ignored 

]]></system-out>
    <system-err><![CDATA[[pool-2-thread-1] INFO  - 
 _____ _____ ____ _____   ____ _____  _    ____ _____ _____ ____  
|_   _| ____/ ___|_   _| / ___|_   _|/ \  |  _ \_   _| ____|  _ \ 
  | | |  _| \___ \ | |   \___ \ | | / _ \ | |_) || | |  _| | | | |
  | | | |___ ___) || |    ___) || |/ ___ \|  _ < | | | |___| |_| |
  |_| |_____|____/ |_|   |____/ |_/_/   \_\_| \_\|_| |_____|____/ 

Looking up the definition of 'pear'(stories/consult_dictionary/LookupADefinition.story;Looking up the definition of 'pear')
-------------------------------------------------------------------
[pool-2-thread-1] INFO net.serenitybdd.core.webdriver.driverproviders.ChromeDriverProvider - Using automatically driver download
[pool-2-thread-1] INFO io.github.bonigarcia.wdm.WebDriverManager - Using chromedriver 86.0.4240.22 (since Chrome 86 is installed in your machine)
[pool-2-thread-1] INFO io.github.bonigarcia.wdm.WebDriverManager - Exporting webdriver.chrome.driver as /Users/yuliiabalenko/.m2/repository/webdriver/chromedriver/mac64/86.0.4240.22/chromedriver
[pool-2-thread-1] INFO net.serenitybdd.core.webdriver.driverproviders.ProvideNewDriver - Instantiating driver
[pool-2-thread-1] INFO net.serenitybdd.core.webdriver.driverproviders.ProvideNewDriver - Driver capabilities: Capabilities {acceptInsecureCerts: false, browserName: chrome, goog:chromeOptions: {args: [], extensions: []}, loggingPrefs: org.openqa.selenium.logging...}
Starting ChromeDriver 85.0.4183.87 (cd6713ebf92fa1cacc0f1a598df280093af0c5d7-refs/branch-heads/4183@{#1689}) on port 1721
Only local connections are allowed.
Please see https://chromedriver.chromium.org/security-considerations for suggestions on keeping ChromeDriver safe.
ChromeDriver was started successfully.
[1604229183.200][WARNING]: This version of ChromeDriver has not been tested with Chrome version 86.
Nov 01, 2020 1:13:03 PM org.openqa.selenium.remote.ProtocolHandshake createSession
INFO: Detected dialect: W3C
]]></system-err>
  </testcase>
  <testcase name="When the user looks up the definition of the word &apos;pear&apos;" classname="com.epam.steps.DefinitionSteps" time="3.158">
    <system-out><![CDATA[Given the user is on the Wikionary home page
]]></system-out>
  </testcase>
  <testcase name="Then they should see the definition &apos;An edible fruit produced by the pear tree, similar to an apple but elongated towards the stem․&apos;" classname="com.epam.steps.DefinitionSteps" time="0.712">
    <system-out><![CDATA[When the user looks up the definition of the word 'pear'
]]></system-out>
  </testcase>
  <testcase name="Given the user is on the Wikionary home page​​​" classname="com.epam.steps.DefinitionSteps" time="2.664">
    <system-out><![CDATA[
Scenario: Looking up the definition of '<word>'
Examples:
Given the user is on the Wikionary home page
When the user looks up the definition of the word '<word>'
Then they should see the definition '<definition>'

|word|definition|
|banana|An elongated curved tropical fruit that grows in bunches and has a creamy flesh and a smooth skin.|
|lemon|A yellowish citrus fruit.|

Example: {word=banana, definition=An elongated curved tropical fruit that grows in bunches and has a creamy flesh and a smooth skin.}
]]></system-out>
    <system-err><![CDATA[[pool-2-thread-1] INFO  - 
 _____ _____ ____ _____   ____ _____  _    ____ _____ _____ ____  
|_   _| ____/ ___|_   _| / ___|_   _|/ \  |  _ \_   _| ____|  _ \ 
  | | |  _| \___ \ | |   \___ \ | | / _ \ | |_) || | |  _| | | | |
  | | | |___ ___) || |    ___) || |/ ___ \|  _ < | | | |___| |_| |
  |_| |_____|____/ |_|   |____/ |_/_/   \_\_| \_\|_| |_____|____/ 

Looking up the definition of '<word>'(stories/consult_dictionary/LookupADefinition.story;Looking up the definition of '<word>')
-------------------------------------------------------------------
[pool-2-thread-1] INFO net.serenitybdd.core.webdriver.driverproviders.ChromeDriverProvider - Using automatically driver download
[pool-2-thread-1] INFO io.github.bonigarcia.wdm.WebDriverManager - Using chromedriver 86.0.4240.22 (since Chrome 86 is installed in your machine)
[pool-2-thread-1] INFO io.github.bonigarcia.wdm.WebDriverManager - Exporting webdriver.chrome.driver as /Users/yuliiabalenko/.m2/repository/webdriver/chromedriver/mac64/86.0.4240.22/chromedriver
[pool-2-thread-1] INFO net.serenitybdd.core.webdriver.driverproviders.ProvideNewDriver - Instantiating driver
[pool-2-thread-1] INFO net.serenitybdd.core.webdriver.driverproviders.ProvideNewDriver - Driver capabilities: Capabilities {acceptInsecureCerts: false, browserName: chrome, goog:chromeOptions: {args: [], extensions: []}, loggingPrefs: org.openqa.selenium.logging...}
Starting ChromeDriver 85.0.4183.87 (cd6713ebf92fa1cacc0f1a598df280093af0c5d7-refs/branch-heads/4183@{#1689}) on port 29454
Only local connections are allowed.
Please see https://chromedriver.chromium.org/security-considerations for suggestions on keeping ChromeDriver safe.
ChromeDriver was started successfully.
[1604229189.843][WARNING]: This version of ChromeDriver has not been tested with Chrome version 86.
Nov 01, 2020 1:13:09 PM org.openqa.selenium.remote.ProtocolHandshake createSession
INFO: Detected dialect: W3C
]]></system-err>
  </testcase>
  <testcase name="When the user looks up the definition of the word &apos;&lt;word&gt;&apos;" classname="com.epam.steps.DefinitionSteps" time="2.702">
    <system-out><![CDATA[Given the user is on the Wikionary home page
]]></system-out>
  </testcase>
  <testcase name="Then they should see the definition &apos;&lt;definition&gt;&apos;" classname="com.epam.steps.DefinitionSteps" time="0.759">
    <system-out><![CDATA[When the user looks up the definition of the word 'banana'
]]></system-out>
  </testcase>
  <testcase name="Given the user is on the Wikionary home page​​​​" classname="com.epam.steps.DefinitionSteps" time="2.82">
    <system-out><![CDATA[Then they should see the definition 'An elongated curved tropical fruit that grows in bunches and has a creamy flesh and a smooth skin.'

Example: {word=lemon, definition=A yellowish citrus fruit.}
]]></system-out>
    <system-err><![CDATA[[pool-2-thread-1] INFO net.serenitybdd.core.webdriver.driverproviders.ChromeDriverProvider - Using automatically driver download
[pool-2-thread-1] INFO io.github.bonigarcia.wdm.WebDriverManager - Using chromedriver 86.0.4240.22 (since Chrome 86 is installed in your machine)
[pool-2-thread-1] INFO io.github.bonigarcia.wdm.WebDriverManager - Exporting webdriver.chrome.driver as /Users/yuliiabalenko/.m2/repository/webdriver/chromedriver/mac64/86.0.4240.22/chromedriver
[pool-2-thread-1] INFO net.serenitybdd.core.webdriver.driverproviders.ProvideNewDriver - Instantiating driver
[pool-2-thread-1] INFO net.serenitybdd.core.webdriver.driverproviders.ProvideNewDriver - Driver capabilities: Capabilities {acceptInsecureCerts: false, browserName: chrome, goog:chromeOptions: {args: [], extensions: []}, loggingPrefs: org.openqa.selenium.logging...}
Starting ChromeDriver 85.0.4183.87 (cd6713ebf92fa1cacc0f1a598df280093af0c5d7-refs/branch-heads/4183@{#1689}) on port 8294
Only local connections are allowed.
Please see https://chromedriver.chromium.org/security-considerations for suggestions on keeping ChromeDriver safe.
ChromeDriver was started successfully.
[1604229196.107][WARNING]: This version of ChromeDriver has not been tested with Chrome version 86.
Nov 01, 2020 1:13:16 PM org.openqa.selenium.remote.ProtocolHandshake createSession
INFO: Detected dialect: W3C
]]></system-err>
  </testcase>
  <testcase name="When the user looks up the definition of the word &apos;&lt;word&gt;&apos;​" classname="com.epam.steps.DefinitionSteps" time="2.744">
    <system-out><![CDATA[Given the user is on the Wikionary home page
]]></system-out>
  </testcase>
  <testcase name="Then they should see the definition &apos;&lt;definition&gt;&apos;​" classname="com.epam.steps.DefinitionSteps" time="0.761">
    <system-out><![CDATA[When the user looks up the definition of the word 'lemon'
]]></system-out>
  </testcase>
  <testcase name="" classname="Scenario: Looking up the definition of &apos;apple&apos;" time="1.251">
    <system-out><![CDATA[Then they should see the definition 'A common, round fruit produced by the tree Malus domestica, cultivated in temperate climates.'
]]></system-out>
    <system-err><![CDATA[[pool-2-thread-1] INFO  - 
        __    _____ _____ ____ _____   ____   _    ____  ____  _____ ____  
  _     \ \  |_   _| ____/ ___|_   _| |  _ \ / \  / ___|/ ___|| ____|  _ \ 
 (_)_____| |   | | |  _| \___ \ | |   | |_) / _ \ \___ \\___ \|  _| | | | |
  _|_____| |   | | | |___ ___) || |   |  __/ ___ \ ___) |___) | |___| |_| |
 (_)     | |   |_| |_____|____/ |_|   |_| /_/   \_\____/|____/|_____|____/ 
        /_/                                                                

Looking up the definition of 'apple'
----------------------------------------------------------------------------
]]></system-err>
  </testcase>
  <testcase name="" classname="Scenario: Looking up the definition of &apos;&lt;word&gt;&apos;" time="0.95">
    <system-out><![CDATA[Then they should see the definition:

|definition|
|The fruit of the watermelon plant, having a green rind and watery flesh that is typically bright red when ripe and contains black pips.|
|A tropical American evergreen tree, Carica papaya, having large, yellow, edible fruit|

]]></system-out>
    <system-err><![CDATA[[pool-2-thread-1] INFO  - 
        __    _____ _____ ____ _____   ____   _    ____  ____  _____ ____  
  _     \ \  |_   _| ____/ ___|_   _| |  _ \ / \  / ___|/ ___|| ____|  _ \ 
 (_)_____| |   | | |  _| \___ \ | |   | |_) / _ \ \___ \\___ \|  _| | | | |
  _|_____| |   | | | |___ ___) || |   |  __/ ___ \ ___) |___) | |___| |_| |
 (_)     | |   |_| |_____|____/ |_|   |_| /_/   \_\____/|____/|_____|____/ 
        /_/                                                                

Looking up the definition of '<word>'
----------------------------------------------------------------------------
]]></system-err>
  </testcase>
  <testcase name="" classname="Scenario: Looking up the definition of &apos;pear&apos;" time="0.796">
    <system-out><![CDATA[Then they should see the definition 'An edible fruit produced by the pear tree, similar to an apple but elongated towards the stem.'
]]></system-out>
    <system-err><![CDATA[[pool-2-thread-1] INFO  - 
        __    _____ _____ ____ _____   ____   _    ____  ____  _____ ____  
  _     \ \  |_   _| ____/ ___|_   _| |  _ \ / \  / ___|/ ___|| ____|  _ \ 
 (_)_____| |   | | |  _| \___ \ | |   | |_) / _ \ \___ \\___ \|  _| | | | |
  _|_____| |   | | | |___ ___) || |   |  __/ ___ \ ___) |___) | |___| |_| |
 (_)     | |   |_| |_____|____/ |_|   |_| /_/   \_\____/|____/|_____|____/ 
        /_/                                                                

Looking up the definition of 'pear'
----------------------------------------------------------------------------
]]></system-err>
  </testcase>
  <testcase name="" classname="Scenario: Looking up the definition of &apos;&lt;word&gt;&apos;​" time="0.848">
    <system-out><![CDATA[Then they should see the definition 'A yellowish citrus fruit.'

]]></system-out>
    <system-err><![CDATA[[pool-2-thread-1] INFO  - 
        __    _____ _____ ____ _____   ____   _    ____  ____  _____ ____  
  _     \ \  |_   _| ____/ ___|_   _| |  _ \ / \  / ___|/ ___|| ____|  _ \ 
 (_)_____| |   | | |  _| \___ \ | |   | |_) / _ \ \___ \\___ \|  _| | | | |
  _|_____| |   | | | |___ ___) || |   |  __/ ___ \ ___) |___) | |___| |_| |
 (_)     | |   |_| |_____|____/ |_|   |_| /_/   \_\____/|____/|_____|____/ 
        /_/                                                                

Looking up the definition of '<word>'
----------------------------------------------------------------------------
]]></system-err>
  </testcase>
  <testcase name="" classname="LookupADefinition․story" time="0.848">
    <system-out><![CDATA[
]]></system-out>
  </testcase>
</testsuite>