<?xml version="1.0" encoding="UTF-8"?><testsuite errors="0" failures="1" name="Lookup a definition" skipped="0" tests="4" time="35.78" timestamp="2020-11-01 02:21:46"><testcase name="Looking up the definition of 'apple'"/><testcase name="Looking up the definition of '&lt;word&gt;'"><failure message="&#10;Expected: a collection containing a string containing &quot;The fruit of the watermelon plant, having a green rind and watery flesh that is typically bright red when ripe and contains black pips.&quot;&#10;     but: was &quot;A tropical American evergreen tree, Carica papaya, having large, yellow, edible fruit&quot;, was &quot;The fruit of this tree.&quot;, was &quot;An orange colour, like that of papaya flesh.&#10;papaya:  &quot;" type="java.lang.AssertionError">
Expected: a collection containing a string containing "The fruit of the watermelon plant, having a green rind and watery flesh that is typically bright red when ripe and contains black pips."
     but: was "A tropical American evergreen tree, Carica papaya, having large, yellow, edible fruit", was "The fruit of this tree.", was "An orange colour, like that of papaya flesh.
papaya:  "</failure><system-err>
Expected: a collection containing a string containing "The fruit of the watermelon plant, having a green rind and watery flesh that is typically bright red when ripe and contains black pips."
     but: was "A tropical American evergreen tree, Carica papaya, having large, yellow, edible fruit", was "The fruit of this tree.", was "An orange colour, like that of papaya flesh.
papaya:  "
com.epam.steps.serenity.EndUserSteps.should_see_definition(EndUserSteps.java:28)
com.epam.steps.DefinitionSteps.thenTheyShouldSeeATableDefinitionContainingTheWords(DefinitionSteps.java:43)
</system-err></testcase><testcase name="Looking up the definition of '&lt;word&gt;'"/></testsuite>