<?xml version="1.0" encoding="UTF-8"?><testsuite errors="0" failures="1" name="Lookup a definition" skipped="0" tests="5" time="40.91" timestamp="2020-11-04 02:59:12"><testcase name="Looking up the definition of 'apple'"/><testcase name="Looking up the definition of '&lt;word&gt;'"><failure message="&#10;Expected: a collection containing a string containing &quot;The fruit of the watermelon plant, having a green rind and watery flesh that is typically bright red when ripe and contains black pips.&quot;&#10;     but: was &quot;A tropical American evergreen tree, Carica papaya, having large, yellow, edible fruit&quot;, was &quot;The fruit of this tree.&quot;, was &quot;An orange colour, like that of papaya flesh.&#10;papaya:  &quot;" type="java.lang.AssertionError">
Expected: a collection containing a string containing "The fruit of the watermelon plant, having a green rind and watery flesh that is typically bright red when ripe and contains black pips."
     but: was "A tropical American evergreen tree, Carica papaya, having large, yellow, edible fruit", was "The fruit of this tree.", was "An orange colour, like that of papaya flesh.
papaya:  "</failure><system-err>
Expected: a collection containing a string containing "The fruit of the watermelon plant, having a green rind and watery flesh that is typically bright red when ripe and contains black pips."
     but: was "A tropical American evergreen tree, Carica papaya, having large, yellow, edible fruit", was "The fruit of this tree.", was "An orange colour, like that of papaya flesh.
papaya:  "
serenity.automation.mentoring@1.0-SNAPSHOT/com.epam.steps.serenity.EndUserSteps.should_see_definition(EndUserSteps.java:28)
serenity.automation.mentoring@1.0-SNAPSHOT/com.epam.steps.DefinitionSteps.thenTheyShouldSeeATableDefinitionContainingTheWords(DefinitionSteps.java:39)
</system-err></testcase><testcase name="Looking up the definition of 'pear'"/><testcase name="Looking up the definition of '&lt;word&gt;'"/></testsuite>